<?xml version="1.0" encoding="UTF-8"?>
<!-- Generated by org.testng.reporters.JUnitXMLReporter -->
<testsuite ignored="0" hostname="DESKTOP-I05LRQH" failures="0" tests="4" name="Test" time="0.066" errors="0" timestamp="2022-12-27T11:46:25 IST">
  <testcase classname="com.testng.Grouping_Concepts" name="four" time="0.013"/>
  <testcase classname="com.testng.Grouping_Concepts" name="one" time="0.001"/>
  <testcase classname="com.testng.Grouping_Concepts" name="three" time="0.001"/>
  <testcase classname="com.testng.Grouping_Concepts" name="two" time="0.002"/>
</testsuite> <!-- Test -->
