<?xml version="1.0" encoding="UTF-8"?>
<testng-results ignored="0" total="4" passed="3" failed="1" skipped="0">
  <reporter-output>
  </reporter-output>
  <suite started-at="2022-12-27T12:14:04 IST" name="Default suite" finished-at="2022-12-27T12:14:04 IST" duration-ms="84">
    <groups>
    </groups>
    <test started-at="2022-12-27T12:14:04 IST" name="Default test" finished-at="2022-12-27T12:14:04 IST" duration-ms="84">
      <class name="com.testng.Dependency_Concepts">
        <test-method signature="credentials()[pri:0, instance:com.testng.Dependency_Concepts@53976f5c]" started-at="2022-12-27T12:14:04 IST" name="credentials" finished-at="2022-12-27T12:14:04 IST" duration-ms="15" status="PASS">
          <reporter-output>
          </reporter-output>
        </test-method> <!-- credentials -->
        <test-method signature="browser()[pri:0, instance:com.testng.Dependency_Concepts@53976f5c]" started-at="2022-12-27T12:14:04 IST" name="browser" finished-at="2022-12-27T12:14:04 IST" duration-ms="1" status="FAIL">
          <exception class="org.testng.TestException">
            <message>
              <![CDATA[
Method Dependency_Concepts.browser()[pri:0, instance:com.testng.Dependency_Concepts@53976f5c] should have thrown an exception of type class org.testng.TestException]]>
            </message>
            <full-stacktrace>
              <![CDATA[org.testng.TestException: 
Method Dependency_Concepts.browser()[pri:0, instance:com.testng.Dependency_Concepts@53976f5c] should have thrown an exception of type class org.testng.TestException
at org.testng.internal.ExpectedExceptionsHolder.noException(ExpectedExceptionsHolder.java:82)
at org.testng.internal.TestInvoker.considerExceptions(TestInvoker.java:749)
at org.testng.internal.TestInvoker.invokeMethod(TestInvoker.java:634)
at org.testng.internal.TestInvoker.invokeTestMethod(TestInvoker.java:173)
at org.testng.internal.MethodRunner.runInSequence(MethodRunner.java:46)
at org.testng.internal.TestInvoker$MethodInvocationAgent.invoke(TestInvoker.java:824)
at org.testng.internal.TestInvoker.invokeTestMethods(TestInvoker.java:146)
at org.testng.internal.TestMethodWorker.invokeTestMethods(TestMethodWorker.java:146)
at org.testng.internal.TestMethodWorker.run(TestMethodWorker.java:128)
at java.base/java.util.ArrayList.forEach(ArrayList.java:1511)
at org.testng.TestRunner.privateRun(TestRunner.java:794)
at org.testng.TestRunner.run(TestRunner.java:596)
at org.testng.SuiteRunner.runTest(SuiteRunner.java:377)
at org.testng.SuiteRunner.runSequentially(SuiteRunner.java:371)
at org.testng.SuiteRunner.privateRun(SuiteRunner.java:332)
at org.testng.SuiteRunner.run(SuiteRunner.java:276)
at org.testng.SuiteRunnerWorker.runSuite(SuiteRunnerWorker.java:53)
at org.testng.SuiteRunnerWorker.run(SuiteRunnerWorker.java:96)
at org.testng.TestNG.runSuitesSequentially(TestNG.java:1212)
at org.testng.TestNG.runSuitesLocally(TestNG.java:1134)
at org.testng.TestNG.runSuites(TestNG.java:1063)
at org.testng.TestNG.run(TestNG.java:1031)
at org.testng.remote.AbstractRemoteTestNG.run(AbstractRemoteTestNG.java:115)
at org.testng.remote.RemoteTestNG.initAndRun(RemoteTestNG.java:251)
at org.testng.remote.RemoteTestNG.main(RemoteTestNG.java:77)
]]>
            </full-stacktrace>
          </exception> <!-- org.testng.TestException -->
          <reporter-output>
          </reporter-output>
        </test-method> <!-- browser -->
        <test-method signature="logout()[pri:0, instance:com.testng.Dependency_Concepts@53976f5c]" started-at="2022-12-27T12:14:04 IST" name="logout" finished-at="2022-12-27T12:14:04 IST" duration-ms="5" status="PASS">
          <reporter-output>
          </reporter-output>
        </test-method> <!-- logout -->
        <test-method signature="login()[pri:0, instance:com.testng.Dependency_Concepts@53976f5c]" started-at="2022-12-27T12:14:04 IST" name="login" finished-at="2022-12-27T12:14:04 IST" depends-on-methods="com.testng.Dependency_Concepts.credentials" duration-ms="1" status="PASS">
          <reporter-output>
          </reporter-output>
        </test-method> <!-- login -->
      </class> <!-- com.testng.Dependency_Concepts -->
    </test> <!-- Default test -->
  </suite> <!-- Default suite -->
</testng-results>
